# JRE version: OpenJDK Runtime Environment (11.0.12+7) (build 11.0.12+7-b1504.28-7817840)
# Java VM: OpenJDK 64-Bit Server VM (11.0.12+7-b1504.28-7817840, mixed mode, tiered, compressed oops, g1 gc, windows-amd64)
Heap:
 garbage-first heap   total 143360K, used 83230K [0x00000000a0000000, 0x0000000100000000)
  region size 1024K, 2 young (2048K), 2 survivors (2048K)
 Metaspace       used 75776K, capacity 77866K, committed 78028K, reserved 1116160K
  class space    used 9876K, capacity 10643K, committed 10700K, reserved 1048576K
GC Heap History (20 events):
Event: 89.557 GC heap after
{Heap after GC invocations=41 (full 0):
 garbage-first heap   total 98304K, used 73659K [0x00000000a0000000, 0x0000000100000000)
  region size 1024K, 2 young (2048K), 2 survivors (2048K)
 Metaspace       used 68355K, capacity 70241K, committed 70348K, reserved 1110016K
  class space    used 8689K, capacity 9325K, committed 9420K, reserved 1048576K
}
Event: 89.746 GC heap before
{Heap before GC invocations=42 (full 0):
 garbage-first heap   total 98304K, used 82875K [0x00000000a0000000, 0x0000000100000000)
  region size 1024K, 11 young (11264K), 2 survivors (2048K)
 Metaspace       used 68621K, capacity 70625K, committed 70860K, reserved 1110016K
  class space    used 8709K, capacity 9369K, committed 9420K, reserved 1048576K
}
Event: 89.750 GC heap after
{Heap after GC invocations=43 (full 0):
 garbage-first heap   total 98304K, used 74638K [0x00000000a0000000, 0x0000000100000000)
  region size 1024K, 2 young (2048K), 2 survivors (2048K)
 Metaspace       used 68621K, capacity 70625K, committed 70860K, reserved 1110016K
  class space    used 8709K, capacity 9369K, committed 9420K, reserved 1048576K
}
Event: 90.185 GC heap before
{Heap before GC invocations=43 (full 0):
 garbage-first heap   total 98304K, used 83854K [0x00000000a0000000, 0x0000000100000000)
  region size 1024K, 11 young (11264K), 2 survivors (2048K)
 Metaspace       used 69287K, capacity 71271K, committed 71500K, reserved 1112064K
  class space    used 8789K, capacity 9435K, committed 9548K, reserved 1048576K
}
Event: 90.191 GC heap after
{Heap after GC invocations=44 (full 0):
 garbage-first heap   total 98304K, used 75343K [0x00000000a0000000, 0x0000000100000000)
  region size 1024K, 2 young (2048K), 2 survivors (2048K)
 Metaspace       used 69287K, capacity 71271K, committed 71500K, reserved 1112064K
  class space    used 8789K, capacity 9435K, committed 9548K, reserved 1048576K
}
Event: 90.549 GC heap before
{Heap before GC invocations=45 (full 0):
 garbage-first heap   total 98304K, used 82511K [0x00000000a0000000, 0x0000000100000000)
  region size 1024K, 10 young (10240K), 2 survivors (2048K)
 Metaspace       used 70032K, capacity 72039K, committed 72396K, reserved 1112064K
  class space    used 8901K, capacity 9563K, committed 9676K, reserved 1048576K
}
Event: 90.553 GC heap after
{Heap after GC invocations=46 (full 0):
 garbage-first heap   total 98304K, used 75942K [0x00000000a0000000, 0x0000000100000000)
  region size 1024K, 2 young (2048K), 2 survivors (2048K)
 Metaspace       used 70032K, capacity 72039K, committed 72396K, reserved 1112064K
  class space    used 8901K, capacity 9563K, committed 9676K, reserved 1048576K
}
Event: 90.949 GC heap before
{Heap before GC invocations=46 (full 0):
 garbage-first heap   total 98304K, used 84134K [0x00000000a0000000, 0x0000000100000000)
  region size 1024K, 10 young (10240K), 2 survivors (2048K)
 Metaspace       used 70823K, capacity 72858K, committed 73036K, reserved 1112064K
  class space    used 9049K, capacity 9726K, committed 9804K, reserved 1048576K
}
Event: 90.953 GC heap after
{Heap after GC invocations=47 (full 0):
 garbage-first heap   total 98304K, used 76228K [0x00000000a0000000, 0x0000000100000000)
  region size 1024K, 2 young (2048K), 2 survivors (2048K)
 Metaspace       used 70823K, capacity 72858K, committed 73036K, reserved 1112064K
  class space    used 9049K, capacity 9726K, committed 9804K, reserved 1048576K
}
Event: 91.420 GC heap before
{Heap before GC invocations=48 (full 0):
 garbage-first heap   total 98304K, used 84420K [0x00000000a0000000, 0x0000000100000000)
  region size 1024K, 10 young (10240K), 2 survivors (2048K)
 Metaspace       used 71846K, capacity 73898K, committed 74060K, reserved 1114112K
  class space    used 9250K, capacity 9925K, committed 10060K, reserved 1048576K
}
Event: 91.423 GC heap after
{Heap after GC invocations=49 (full 0):
 garbage-first heap   total 98304K, used 76574K [0x00000000a0000000, 0x0000000100000000)
  region size 1024K, 2 young (2048K), 2 survivors (2048K)
 Metaspace       used 71846K, capacity 73898K, committed 74060K, reserved 1114112K
  class space    used 9250K, capacity 9925K, committed 10060K, reserved 1048576K
}
Event: 91.802 GC heap before
{Heap before GC invocations=49 (full 0):
 garbage-first heap   total 98304K, used 84766K [0x00000000a0000000, 0x0000000100000000)
  region size 1024K, 10 young (10240K), 2 survivors (2048K)
 Metaspace       used 72679K, capacity 74683K, committed 74956K, reserved 1114112K
  class space    used 9405K, capacity 10058K, committed 10188K, reserved 1048576K
}
Event: 91.809 GC heap after
{Heap after GC invocations=50 (full 0):
 garbage-first heap   total 118784K, used 77367K [0x00000000a0000000, 0x0000000100000000)
  region size 1024K, 2 young (2048K), 2 survivors (2048K)
 Metaspace       used 72679K, capacity 74683K, committed 74956K, reserved 1114112K
  class space    used 9405K, capacity 10058K, committed 10188K, reserved 1048576K
}
Event: 92.551 GC heap before
{Heap before GC invocations=51 (full 0):
 garbage-first heap   total 118784K, used 93751K [0x00000000a0000000, 0x0000000100000000)
  region size 1024K, 18 young (18432K), 2 survivors (2048K)
 Metaspace       used 74183K, capacity 76193K, committed 76364K, reserved 1116160K
  class space    used 9614K, capacity 10303K, committed 10316K, reserved 1048576K
}
Event: 92.555 GC heap after
{Heap after GC invocations=52 (full 0):
 garbage-first heap   total 118784K, used 78049K [0x00000000a0000000, 0x0000000100000000)
  region size 1024K, 3 young (3072K), 3 survivors (3072K)
 Metaspace       used 74183K, capacity 76193K, committed 76364K, reserved 1116160K
  class space    used 9614K, capacity 10303K, committed 10316K, reserved 1048576K
}
Event: 93.186 GC heap before
{Heap before GC invocations=52 (full 0):
 garbage-first heap   total 118784K, used 95457K [0x00000000a0000000, 0x0000000100000000)
  region size 1024K, 20 young (20480K), 3 survivors (3072K)
 Metaspace       used 74747K, capacity 76743K, committed 77004K, reserved 1116160K
  class space    used 9689K, capacity 10377K, committed 10444K, reserved 1048576K
}
Event: 93.193 GC heap after
{Heap after GC invocations=53 (full 0):
 garbage-first heap   total 118784K, used 79601K [0x00000000a0000000, 0x0000000100000000)
  region size 1024K, 3 young (3072K), 3 survivors (3072K)
 Metaspace       used 74747K, capacity 76743K, committed 77004K, reserved 1116160K
  class space    used 9689K, capacity 10377K, committed 10444K, reserved 1048576K
}
Event: 93.636 GC heap before
{Heap before GC invocations=54 (full 0):
 garbage-first heap   total 118784K, used 97009K [0x00000000a0000000, 0x0000000100000000)
  region size 1024K, 20 young (20480K), 3 survivors (3072K)
 Metaspace       used 75388K, capacity 77381K, committed 77516K, reserved 1116160K
  class space    used 9815K, capacity 10571K, committed 10700K, reserved 1048576K
}
Event: 93.650 GC heap after
{Heap after GC invocations=55 (full 0):
 garbage-first heap   total 118784K, used 81574K [0x00000000a0000000, 0x0000000100000000)
  region size 1024K, 2 young (2048K), 2 survivors (2048K)
 Metaspace       used 75388K, capacity 77381K, committed 77516K, reserved 1116160K
  class space    used 9815K, capacity 10571K, committed 10700K, reserved 1048576K
}
Event: 94.024 GC heap before
{Heap before GC invocations=55 (full 0):
 garbage-first heap   total 118784K, used 97958K [0x00000000a0000000, 0x0000000100000000)
  region size 1024K, 18 young (18432K), 2 survivors (2048K)
 Metaspace       used 75776K, capacity 77866K, committed 78028K, reserved 1116160K
  class space    used 9876K, capacity 10643K, committed 10700K, reserved 1048576K
}

